#
# A fatal error has been detected by the Java Runtime Environment:
#
#  SIGSEGV (0xb) at pc=0x00007f0457993e45, pid=20326, tid=0x00007f0455d52700
#
# JRE version: OpenJDK Runtime Environment (8.0_292-b10) (build 1.8.0_292-8u292-b10-0ubuntu1~20.04-b10)
# Java VM: OpenJDK 64-Bit Server VM (25.292-b10 mixed mode linux-amd64 compressed oops)
# Problematic frame:
# C  [libc.so.6+0xbee45]
#
# Failed to write core dump. Core dumps have been disabled. To enable core dumping, try "ulimit -c unlimited" before starting Java again
#
# If you would like to submit a bug report, please visit:
#   http://bugreport.java.com/bugreport/crash.jsp
#

---------------  T H R E A D  ---------------

Current thread (0x00007f0450026800):  GCTaskThread [stack: 0x00007f0455c53000,0x00007f0455d53000] [id=20336]

siginfo: si_signo: 11 (SIGSEGV), si_code: 2 (SEGV_ACCERR), si_addr: 0x0000000106010a40

Registers:
RAX=0x00000000e0004000, RBX=0x0000000002000012, RCX=0x0000000000700020, RDX=0x0000000010000090
RSP=0x00007f0455d51c38, RBP=0x00007f0455d51cc0, RSI=0x00000000f60109c0, RDI=0x00000000e0004000
R8 =0x0000000010000090, R9 =0x0000000000000001, R10=0x0000000002000012, R11=0x0000000010000090
R12=0x00000000e0004000, R13=0x00000000f60109c0, R14=0x00007f045013e600, R15=0x0000000000000001
RIP=0x00007f0457993e45, EFLAGS=0x0000000000010283, CSGSFS=0x002b000000000033, ERR=0x0000000000000004
  TRAPNO=0x000000000000000e

Top of Stack: (sp=0x00007f0455d51c38)
0x00007f0455d51c38:   00007f045747bc02 0000000000000008
0x00007f0455d51c48:   00007f0450161880 0000000010000090
0x00007f0455d51c58:   00007f0457871b00 0000000002000001
0x00007f0455d51c68:   0000000002000012 00000000f7978000
0x00007f0455d51c78:   0000000000001000 00007f0455d51ca0
0x00007f0455d51c88:   9b31a14834c85100 00007f0455d51cd0
0x00007f0455d51c98:   00007f045013e600 0000000000000000
0x00007f0455d51ca8:   00007f045013e6a0 00000000f797c068
0x00007f0455d51cb8:   00007f0457846f30 00007f0455d51d20
0x00007f0455d51cc8:   00007f045747b108 00007f0455d51d01
0x00007f0455d51cd8:   00007f045747fa01 00007f0456101000
0x00007f0455d51ce8:   9b31a14834c85100 00007f04577ac450
0x00007f0455d51cf8:   00007f04500502f0 00007f045013e600
0x00007f0455d51d08:   00007f0455d51d30 00007f0457864ed0
0x00007f0455d51d18:   0000000000000001 00007f0455d51da0
0x00007f0455d51d28:   00007f045747f9af 00007f04577ac450
0x00007f0455d51d38:   00007f0450020d00 00007f045013e600
0x00007f0455d51d48:   00007f04573c463f 00007f04577a8c58
0x00007f0455d51d58:   00007f0450020d00 00007f0455d51d30
0x00007f0455d51d68:   00007f0457053801 00007f0455d51da0
0x00007f0455d51d78:   9b31a14834c85100 00007f04500502c0
0x00007f0455d51d88:   0000000000000000 00007f04500502f0
0x00007f0455d51d98:   00007f0450026800 00007f0455d51eb0
0x00007f0455d51da8:   00007f0457054f6b 00000000000003d8
0x00007f0455d51db8:   00007f0455d51df8 00007f0450027040
0x00007f0455d51dc8:   00007f0450027468 00007f0450027090
0x00007f0455d51dd8:   00007f0455d51e40 00007f0450027080
0x00007f0455d51de8:   00007f045764c0ee 0000000000000000
0x00007f0455d51df8:   0000000000000000 00007f0450026800
0x00007f0455d51e08:   00007f0450027470 00007f04500274b0
0x00007f0455d51e18:   00007f04500274c0 00007f0450027598
0x00007f0455d51e28:   00000000000000d8 00007f04500276d0 

Instructions: (pc=0x00007f0457993e45)
0x00007f0457993e25:   11 4f 10 0f 11 54 17 f0 0f 11 5c 17 e0 c3 48 39
0x00007f0457993e35:   f7 0f 87 8c 00 00 00 0f 84 28 ff ff ff 0f 10 26
0x00007f0457993e45:   0f 10 6c 16 f0 0f 10 74 16 e0 0f 10 7c 16 d0 44
0x00007f0457993e55:   0f 10 44 16 c0 49 89 fb 48 8d 4c 17 f0 49 89 f8 

Register to memory mapping:

RAX=
[error occurred during error reporting (printing register info), id 0xb]

Stack: [0x00007f0455c53000,0x00007f0455d53000],  sp=0x00007f0455d51c38,  free space=1019k
Native frames: (J=compiled Java code, j=interpreted, Vv=VM code, C=native code)
C  [libc.so.6+0xbee45]
V  [libjvm.so+0x9ee108]
V  [libjvm.so+0x9f29af]
V  [libjvm.so+0x5c7f6b]
V  [libjvm.so+0x97d790]


---------------  P R O C E S S  ---------------

Java Threads: ( => current thread )
  0x00007f0450db9000 JavaThread "/127.0.0.1:42478 to /127.0.0.1:36231 workers Thread 3" [_thread_in_native, id=20352, stack(0x00007f0431cc5000,0x00007f0431dc6000)]
  0x00007f0450db4000 JavaThread "/127.0.0.1:42478 to /127.0.0.1:36231 workers Thread 2" [_thread_blocked, id=20351, stack(0x00007f0431dc6000,0x00007f0431ec7000)]
  0x00007f0450d66800 JavaThread "/127.0.0.1:42478 to /127.0.0.1:36231 workers" [_thread_blocked, id=20350, stack(0x00007f04321d6000,0x00007f04322d7000)]
  0x00007f04507c1000 JavaThread "Service Thread" daemon [_thread_blocked, id=20344, stack(0x00007f043269d000,0x00007f043279e000)]
  0x00007f045071c000 JavaThread "C1 CompilerThread2" daemon [_thread_blocked, id=20343, stack(0x00007f043279f000,0x00007f043289f000)]
  0x00007f045071b800 JavaThread "C2 CompilerThread1" daemon [_thread_in_native, id=20342, stack(0x00007f04328a0000,0x00007f04329a0000)]
  0x00007f045071f800 JavaThread "C2 CompilerThread0" daemon [_thread_in_native, id=20341, stack(0x00007f04329a1000,0x00007f0432aa1000)]
  0x00007f045024c800 JavaThread "Signal Dispatcher" daemon [_thread_blocked, id=20340, stack(0x00007f0432e1e000,0x00007f0432f1f000)]
  0x00007f045014f800 JavaThread "Finalizer" daemon [_thread_blocked, id=20339, stack(0x00007f0433cfd000,0x00007f0433dfe000)]
  0x00007f045014a800 JavaThread "Reference Handler" daemon [_thread_blocked, id=20338, stack(0x00007f0433dfe000,0x00007f0433eff000)]
  0x00007f045000c800 JavaThread "Test worker" [_thread_blocked, id=20332, stack(0x00007f0456641000,0x00007f0456741000)]

Other Threads:
  0x00007f0450141000 VMThread [stack: 0x00007f0433f00000,0x00007f0434000000] [id=20337]
  0x00007f04507c3800 WatcherThread [stack: 0x00007f043259d000,0x00007f043269d000] [id=20345]

=>0x00007f0450026800 (exited) GCTaskThread [stack: 0x00007f0455c53000,0x00007f0455d53000] [id=20336]

VM state:at safepoint (normal execution)

VM Mutex/Monitor currently owned by a thread:  ([mutex/lock_event])
[0x00007f0450009980] Threads_lock - owner thread: 0x00007f0450141000
[0x00007f0450009e80] Heap_lock - owner thread: 0x00007f045000c800

heap address: 0x00000000e0000000, size: 512 MB, Compressed Oops mode: 32-bit
Narrow klass base: 0x0000000000000000, Narrow klass shift: 3
Compressed class space size: 1073741824 Address: 0x0000000100000000

Heap:
 PSYoungGen      total 36352K, used 34332K [0x00000000f5580000, 0x00000000f7e00000, 0x0000000100000000)
  eden space 31232K, 100% used [0x00000000f5580000,0x00000000f7400000,0x00000000f7400000)
  from space 5120K, 60% used [0x00000000f7400000,0x00000000f77073a8,0x00000000f7900000)
  to   space 5120K, 15% used [0x00000000f7900000,0x00000000f79c8000,0x00000000f7e00000)
 ParOldGen       total 346112K, used 262168K [0x00000000e0000000, 0x00000000f5200000, 0x00000000f5580000)
  object space 346112K, 75% used [0x00000000e0000000,0x00000000f0006090,0x00000000f5200000)
 Metaspace       used 10479K, capacity 10718K, committed 10880K, reserved 1058816K
  class space    used 1254K, capacity 1369K, committed 1408K, reserved 1048576K

Card table byte_map: [0x00007f0456101000,0x00007f0456202000] byte_map_base: 0x00007f0455a01000

Marking Bits: (ParMarkBitMap*) 0x00007f04578716c0
 Begin Bits: [0x00007f0454c52000, 0x00007f0455452000)
 End Bits:   [0x00007f0455452000, 0x00007f0455c52000)

Polling page: 0x00007f0457b18000

CodeCache: size=245760Kb used=4290Kb max_used=4290Kb free=241469Kb
 bounds [0x00007f0441000000, 0x00007f0441440000, 0x00007f0450000000]
 total_blobs=1510 nmethods=1163 adapters=261
 compilation: enabled

Compilation events (10 events):
Event: 1.324 Thread 0x00007f045071c000 1176       2       java.lang.invoke.MemberName::flagsMods (72 bytes)
Event: 1.324 Thread 0x00007f045071c000 nmethod 1176 0x00007f04414308d0 code [0x00007f0441430a20, 0x00007f0441430b50]
Event: 1.324 Thread 0x00007f045071c000 1177       2       java.lang.invoke.MemberName::init (66 bytes)
Event: 1.324 Thread 0x00007f045071c000 nmethod 1177 0x00007f0441430bd0 code [0x00007f0441430d20, 0x00007f0441430eb0]
Event: 1.326 Thread 0x00007f045071c000 1180       2       java.lang.invoke.MethodTypeForm::canonicalizeAll (66 bytes)
Event: 1.327 Thread 0x00007f045071c000 nmethod 1180 0x00007f04414312d0 code [0x00007f0441431460, 0x00007f04414317b8]
Event: 1.327 Thread 0x00007f045071c000 1179       2       java.lang.invoke.MethodType::checkRtype (6 bytes)
Event: 1.327 Thread 0x00007f045071c000 nmethod 1179 0x00007f0441431a10 code [0x00007f0441431b80, 0x00007f0441431d48]
Event: 1.327 Thread 0x00007f045071c000 1181   !   2       java.lang.invoke.MemberName::clone (14 bytes)
Event: 1.328 Thread 0x00007f045071c000 nmethod 1181 0x00007f0441431e50 code [0x00007f0441431fe0, 0x00007f0441432238]

GC Heap History (3 events):
Event: 0.862 GC heap before
{Heap before GC invocations=1 (full 0):
 PSYoungGen      total 36352K, used 31232K [0x00000000f5580000, 0x00000000f7e00000, 0x0000000100000000)
  eden space 31232K, 100% used [0x00000000f5580000,0x00000000f7400000,0x00000000f7400000)
  from space 5120K, 0% used [0x00000000f7900000,0x00000000f7900000,0x00000000f7e00000)
  to   space 5120K, 0% used [0x00000000f7400000,0x00000000f7400000,0x00000000f7900000)
 ParOldGen       total 83456K, used 0K [0x00000000e0000000, 0x00000000e5180000, 0x00000000f5580000)
  object space 83456K, 0% used [0x00000000e0000000,0x00000000e0000000,0x00000000e5180000)
 Metaspace       used 7186K, capacity 7362K, committed 7680K, reserved 1056768K
  class space    used 827K, capacity 903K, committed 1024K, reserved 1048576K
Event: 0.867 GC heap after
Heap after GC invocations=1 (full 0):
 PSYoungGen      total 36352K, used 3100K [0x00000000f5580000, 0x00000000f7e00000, 0x0000000100000000)
  eden space 31232K, 0% used [0x00000000f5580000,0x00000000f5580000,0x00000000f7400000)
  from space 5120K, 60% used [0x00000000f7400000,0x00000000f77073a8,0x00000000f7900000)
  to   space 5120K, 0% used [0x00000000f7900000,0x00000000f7900000,0x00000000f7e00000)
 ParOldGen       total 83456K, used 16K [0x00000000e0000000, 0x00000000e5180000, 0x00000000f5580000)
  object space 83456K, 0% used [0x00000000e0000000,0x00000000e0004000,0x00000000e5180000)
 Metaspace       used 7186K, capacity 7362K, committed 7680K, reserved 1056768K
  class space    used 827K, capacity 903K, committed 1024K, reserved 1048576K
}
Event: 1.329 GC heap before
{Heap before GC invocations=2 (full 0):
 PSYoungGen      total 36352K, used 34332K [0x00000000f5580000, 0x00000000f7e00000, 0x0000000100000000)
  eden space 31232K, 100% used [0x00000000f5580000,0x00000000f7400000,0x00000000f7400000)
  from space 5120K, 60% used [0x00000000f7400000,0x00000000f77073a8,0x00000000f7900000)
  to   space 5120K, 0% used [0x00000000f7900000,0x00000000f7900000,0x00000000f7e00000)
 ParOldGen       total 83456K, used 16K [0x00000000e0000000, 0x00000000e5180000, 0x00000000f5580000)
  object space 83456K, 0% used [0x00000000e0000000,0x00000000e0004000,0x00000000e5180000)
 Metaspace       used 10479K, capacity 10718K, committed 10880K, reserved 1058816K
  class space    used 1254K, capacity 1369K, committed 1408K, reserved 1048576K

Deoptimization events (3 events):
Event: 0.924 Thread 0x00007f045000c800 Uncommon trap: reason=null_check action=make_not_entrant pc=0x00007f04411642bc method=java.lang.String.equals(Ljava/lang/Object;)Z @ 8
Event: 1.211 Thread 0x00007f045000c800 Uncommon trap: reason=unstable_if action=reinterpret pc=0x00007f0441253f10 method=org.jacoco.agent.rt.internal_3570298.asm.MethodVisitor.visitVarInsn(II)V @ 4
Event: 1.211 Thread 0x00007f045000c800 Uncommon trap: reason=unstable_if action=reinterpret pc=0x00007f04412c8e2c method=org.jacoco.agent.rt.internal_3570298.asm.MethodVisitor.visitLocalVariable(Ljava/lang/String;Ljava/lang/String;Ljava/lang/String;Lorg/jacoco/agent/rt/internal_3570298/asm/Lab

Classes redefined (0 events):
No events

Internal exceptions (10 events):
Event: 1.325 Thread 0x00007f045000c800 Implicit null exception at 0x00007f04412f8860 to 0x00007f04412f9056
Event: 1.325 Thread 0x00007f045000c800 Exception <a 'java/lang/NullPointerException'> (0x00000000f73cb470) thrown at [/build/openjdk-8-4TqvnK/openjdk-8-8u292-b10/src/hotspot/src/share/vm/runtime/sharedRuntime.cpp, line 609]
Event: 1.325 Thread 0x00007f045000c800 Implicit null exception at 0x00007f04412f8860 to 0x00007f04412f9056
Event: 1.325 Thread 0x00007f045000c800 Exception <a 'java/lang/NullPointerException'> (0x00000000f73cea60) thrown at [/build/openjdk-8-4TqvnK/openjdk-8-8u292-b10/src/hotspot/src/share/vm/runtime/sharedRuntime.cpp, line 609]
Event: 1.325 Thread 0x00007f045000c800 Implicit null exception at 0x00007f04412f8860 to 0x00007f04412f9056
Event: 1.325 Thread 0x00007f045000c800 Exception <a 'java/lang/NullPointerException'> (0x00000000f73d0fc8) thrown at [/build/openjdk-8-4TqvnK/openjdk-8-8u292-b10/src/hotspot/src/share/vm/runtime/sharedRuntime.cpp, line 609]
Event: 1.326 Thread 0x00007f045000c800 Implicit null exception at 0x00007f04412f8860 to 0x00007f04412f9056
Event: 1.326 Thread 0x00007f045000c800 Exception <a 'java/lang/NullPointerException'> (0x00000000f73d5bd8) thrown at [/build/openjdk-8-4TqvnK/openjdk-8-8u292-b10/src/hotspot/src/share/vm/runtime/sharedRuntime.cpp, line 609]
Event: 1.328 Thread 0x00007f045000c800 Implicit null exception at 0x00007f04412f8860 to 0x00007f04412f9056
Event: 1.328 Thread 0x00007f045000c800 Exception <a 'java/lang/NullPointerException'> (0x00000000f73eb028) thrown at [/build/openjdk-8-4TqvnK/openjdk-8-8u292-b10/src/hotspot/src/share/vm/runtime/sharedRuntime.cpp, line 609]

Events (10 events):
Event: 1.327 loading class java/util/stream/ForEachOps$ForEachOp
Event: 1.327 loading class java/util/stream/ForEachOps$ForEachOp done
Event: 1.327 loading class java/util/stream/ForEachOps$ForEachOp$OfRef done
Event: 1.327 loading class org/junit/platform/launcher/Launcher
Event: 1.327 loading class org/junit/platform/launcher/Launcher done
Event: 1.327 loading class org/junit/platform/launcher/Launcher
Event: 1.327 loading class org/junit/platform/launcher/Launcher done
Event: 1.328 loading class org/gradle/api/internal/tasks/testing/junitplatform/JUnitPlatformTestExecutionListener
Event: 1.328 loading class org/gradle/api/internal/tasks/testing/junitplatform/JUnitPlatformTestExecutionListener done
Event: 1.329 Executing VM operation: ParallelGCFailedAllocation


Dynamic libraries:
e0000000-f5200000 rw-p 00000000 00:00 0 
f5200000-f5580000 ---p 00000000 00:00 0 
f5580000-f7e00000 rw-p 00000000 00:00 0 
f7e00000-100000000 ---p 00000000 00:00 0 
100000000-100160000 rw-p 00000000 00:00 0 
100160000-140000000 ---p 00000000 00:00 0 
561a24783000-561a24784000 r--p 00000000 08:05 3409948                    /usr/lib/jvm/java-8-openjdk-amd64/jre/bin/java
561a24784000-561a24785000 r-xp 00001000 08:05 3409948                    /usr/lib/jvm/java-8-openjdk-amd64/jre/bin/java
561a24785000-561a24786000 r--p 00002000 08:05 3409948                    /usr/lib/jvm/java-8-openjdk-amd64/jre/bin/java
561a24786000-561a24787000 r--p 00002000 08:05 3409948                    /usr/lib/jvm/java-8-openjdk-amd64/jre/bin/java
561a24787000-561a24788000 rw-p 00003000 08:05 3409948                    /usr/lib/jvm/java-8-openjdk-amd64/jre/bin/java
561a25696000-561a256b7000 rw-p 00000000 00:00 0                          [heap]
7f03f8000000-7f03f80f3000 rw-p 00000000 00:00 0 
7f03f80f3000-7f03fc000000 ---p 00000000 00:00 0 
7f0400000000-7f0400021000 rw-p 00000000 00:00 0 
7f0400021000-7f0404000000 ---p 00000000 00:00 0 
7f0404000000-7f0404021000 rw-p 00000000 00:00 0 
7f0404021000-7f0408000000 ---p 00000000 00:00 0 
7f0408000000-7f0408021000 rw-p 00000000 00:00 0 
7f0408021000-7f040c000000 ---p 00000000 00:00 0 
7f040c000000-7f040c021000 rw-p 00000000 00:00 0 
7f040c021000-7f0410000000 ---p 00000000 00:00 0 
7f0410000000-7f0410e89000 rw-p 00000000 00:00 0 
7f0410e89000-7f0414000000 ---p 00000000 00:00 0 
7f0414000000-7f0414ae2000 rw-p 00000000 00:00 0 
7f0414ae2000-7f0418000000 ---p 00000000 00:00 0 
7f0418000000-7f0418021000 rw-p 00000000 00:00 0 
7f0418021000-7f041c000000 ---p 00000000 00:00 0 
7f041c000000-7f041cbcf000 rw-p 00000000 00:00 0 
7f041cbcf000-7f0420000000 ---p 00000000 00:00 0 
7f0420000000-7f0420021000 rw-p 00000000 00:00 0 
7f0420021000-7f0424000000 ---p 00000000 00:00 0 
7f0424000000-7f0424021000 rw-p 00000000 00:00 0 
7f0424021000-7f0428000000 ---p 00000000 00:00 0 
7f0428000000-7f0428021000 rw-p 00000000 00:00 0 
7f0428021000-7f042c000000 ---p 00000000 00:00 0 
7f042c000000-7f042c021000 rw-p 00000000 00:00 0 
7f042c021000-7f0430000000 ---p 00000000 00:00 0 
7f0431cc5000-7f0431cc8000 ---p 00000000 00:00 0 
7f0431cc8000-7f0431dc6000 rw-p 00000000 00:00 0 
7f0431dc6000-7f0431dc9000 ---p 00000000 00:00 0 
7f0431dc9000-7f0431ec7000 rw-p 00000000 00:00 0 
7f0431ffc000-7f04321b8000 rw-p 00000000 00:00 0 
7f04321d6000-7f04321d9000 ---p 00000000 00:00 0 
7f04321d9000-7f0432417000 rw-p 00000000 00:00 0 
7f0432417000-7f04324d7000 ---p 00000000 00:00 0 
7f04324d7000-7f04324e8000 r--s 001bf000 08:05 3541217                    /usr/lib/jvm/java-8-openjdk-amd64/jre/lib/jsse.jar
7f04324e8000-7f04324eb000 r--s 00016000 08:05 8782519                    /home/desktop/.gradle/wrapper/dists/gradle-7.2-bin/2dnblmf4td7x66yl1d74lt32g/gradle-7.2/lib/plugins/junit-platform-commons-1.7.2.jar
7f04324eb000-7f04324ef000 r--s 0001e000 08:05 8782520                    /home/desktop/.gradle/wrapper/dists/gradle-7.2-bin/2dnblmf4td7x66yl1d74lt32g/gradle-7.2/lib/plugins/junit-platform-launcher-1.7.2.jar
7f04324ef000-7f04324f4000 r--s 00028000 08:05 8782518                    /home/desktop/.gradle/wrapper/dists/gradle-7.2-bin/2dnblmf4td7x66yl1d74lt32g/gradle-7.2/lib/plugins/junit-platform-engine-1.7.2.jar
7f04324f4000-7f04324f5000 r--s 00000000 08:05 8782219                    /home/desktop/.gradle/wrapper/dists/gradle-7.2-bin/2dnblmf4td7x66yl1d74lt32g/gradle-7.2/lib/javax.inject-1.jar
7f04324f5000-7f04324fe000 r--s 00055000 08:05 8782217                    /home/desktop/.gradle/wrapper/dists/gradle-7.2-bin/2dnblmf4td7x66yl1d74lt32g/gradle-7.2/lib/junit-4.13.2.jar
7f04324fe000-7f0432503000 r--s 00041000 08:05 8782195                    /home/desktop/.gradle/wrapper/dists/gradle-7.2-bin/2dnblmf4td7x66yl1d74lt32g/gradle-7.2/lib/commons-lang-2.6.jar
7f0432503000-7f0432509000 r--s 0004d000 08:05 8782236                    /home/desktop/.gradle/wrapper/dists/gradle-7.2-bin/2dnblmf4td7x66yl1d74lt32g/gradle-7.2/lib/kryo-2.24.0.jar
7f0432509000-7f043250d000 r--s 0001a000 08:05 8782239                    /home/desktop/.gradle/wrapper/dists/gradle-7.2-bin/2dnblmf4td7x66yl1d74lt32g/gradle-7.2/lib/native-platform-0.22-milestone-21.jar
7f043250d000-7f043250f000 r--s 00000000 08:05 8782235                    /home/desktop/.gradle/wrapper/dists/gradle-7.2-bin/2dnblmf4td7x66yl1d74lt32g/gradle-7.2/lib/jul-to-slf4j-1.7.30.jar
7f043250f000-7f0432511000 r--s 00009000 08:05 8782242                    /home/desktop/.gradle/wrapper/dists/gradle-7.2-bin/2dnblmf4td7x66yl1d74lt32g/gradle-7.2/lib/slf4j-api-1.7.30.jar
7f0432511000-7f0432514000 r--s 00008000 08:05 8782231                    /home/desktop/.gradle/wrapper/dists/gradle-7.2-bin/2dnblmf4td7x66yl1d74lt32g/gradle-7.2/lib/gradle-build-operations-7.2.jar
7f0432514000-7f0432516000 r--s 00006000 08:05 8782179                    /home/desktop/.gradle/wrapper/dists/gradle-7.2-bin/2dnblmf4td7x66yl1d74lt32g/gradle-7.2/lib/gradle-process-services-7.2.jar
7f0432516000-7f0432517000 r--s 00003000 08:05 8782306                    /home/desktop/.gradle/wrapper/dists/gradle-7.2-bin/2dnblmf4td7x66yl1d74lt32g/gradle-7.2/lib/plugins/gradle-testing-junit-platform-7.2.jar
7f0432517000-7f043251b000 r--s 00018000 08:05 8782307                    /home/desktop/.gradle/wrapper/dists/gradle-7.2-bin/2dnblmf4td7x66yl1d74lt32g/gradle-7.2/lib/plugins/gradle-testing-jvm-7.2.jar
7f043251b000-7f0432524000 r--s 00039000 08:05 8782315                    /home/desktop/.gradle/wrapper/dists/gradle-7.2-bin/2dnblmf4td7x66yl1d74lt32g/gradle-7.2/lib/plugins/gradle-testing-base-7.2.jar
7f0432524000-7f0432528000 r--s 0000e000 08:05 8782182                    /home/desktop/.gradle/wrapper/dists/gradle-7.2-bin/2dnblmf4td7x66yl1d74lt32g/gradle-7.2/lib/gradle-native-7.2.jar
7f0432528000-7f043252a000 r--s 00005000 08:05 8782247                    /home/desktop/.gradle/wrapper/dists/gradle-7.2-bin/2dnblmf4td7x66yl1d74lt32g/gradle-7.2/lib/gradle-cli-7.2.jar
7f043252a000-7f0432536000 r--s 00066000 08:05 8782185                    /home/desktop/.gradle/wrapper/dists/gradle-7.2-bin/2dnblmf4td7x66yl1d74lt32g/gradle-7.2/lib/gradle-base-services-7.2.jar
7f0432536000-7f0432537000 r--s 00004000 08:05 8782215                    /home/desktop/.gradle/wrapper/dists/gradle-7.2-bin/2dnblmf4td7x66yl1d74lt32g/gradle-7.2/lib/gradle-hashing-7.2.jar
7f0432537000-7f0432538000 r--s 00001000 08:05 8782184                    /home/desktop/.gradle/wrapper/dists/gradle-7.2-bin/2dnblmf4td7x66yl1d74lt32g/gradle-7.2/lib/gradle-file-temp-7.2.jar
7f0432538000-7f043253b000 r--s 0000c000 08:05 8782214                    /home/desktop/.gradle/wrapper/dists/gradle-7.2-bin/2dnblmf4td7x66yl1d74lt32g/gradle-7.2/lib/gradle-files-7.2.jar
7f043253b000-7f0432543000 r--s 00033000 08:05 8782181                    /home/desktop/.gradle/wrapper/dists/gradle-7.2-bin/2dnblmf4td7x66yl1d74lt32g/gradle-7.2/lib/gradle-messaging-7.2.jar
7f0432543000-7f043254b000 r--s 0003d000 08:05 8782146                    /home/desktop/.gradle/wrapper/dists/gradle-7.2-bin/2dnblmf4td7x66yl1d74lt32g/gradle-7.2/lib/gradle-logging-7.2.jar
7f043254b000-7f043258a000 r--s 00241000 08:05 8781992                    /home/desktop/.gradle/wrapper/dists/gradle-7.2-bin/2dnblmf4td7x66yl1d74lt32g/gradle-7.2/lib/gradle-core-7.2.jar
7f043258a000-7f043258c000 r--s 00005000 08:05 8782145                    /home/desktop/.gradle/wrapper/dists/gradle-7.2-bin/2dnblmf4td7x66yl1d74lt32g/gradle-7.2/lib/gradle-worker-processes-7.2.jar
7f043258c000-7f043259c000 r--s 0004a000 08:05 8782141                    /home/desktop/.gradle/wrapper/dists/gradle-7.2-bin/2dnblmf4td7x66yl1d74lt32g/gradle-7.2/lib/gradle-core-api-7.2.jar
7f043259c000-7f043259d000 ---p 00000000 00:00 0 
7f043259d000-7f043269d000 rw-p 00000000 00:00 0 
7f043269d000-7f04326a0000 ---p 00000000 00:00 0 
7f04326a0000-7f043279e000 rw-p 00000000 00:00 0 
7f043279e000-7f043279f000 ---p 00000000 00:00 0 
7f043279f000-7f04327a2000 ---p 00000000 00:00 0 
7f04327a2000-7f043289f000 rw-p 00000000 00:00 0 
7f043289f000-7f04328a0000 ---p 00000000 00:00 0 
7f04328a0000-7f04328a3000 ---p 00000000 00:00 0 
7f04328a3000-7f04329a0000 rw-p 00000000 00:00 0 
7f04329a0000-7f04329a1000 ---p 00000000 00:00 0 
7f04329a1000-7f04329a4000 ---p 00000000 00:00 0 
7f04329a4000-7f0432aa1000 rw-p 00000000 00:00 0 
7f0432aa1000-7f0432aa7000 r--s 000d3000 08:05 3541216                    /usr/lib/jvm/java-8-openjdk-amd64/jre/lib/jfr.jar
7f0432aa7000-7f0432aa9000 r--s 0001c000 08:05 8653118                    /home/desktop/.gradle/caches/modules-2/files-2.1/org.ow2.asm/asm/9.1/a99500cf6eea30535eeac6be73899d048f8d12a8/asm-9.1.jar
7f0432aa9000-7f0432aaf000 r--s 00044000 08:05 8653047                    /home/desktop/.gradle/caches/modules-2/files-2.1/org.apache.logging.log4j/log4j-api/2.14.1/cd8858fbbde69f46bce8db1152c18a43328aae78/log4j-api-2.14.1.jar
7f0432aaf000-7f0432aba000 r--s 00069000 08:05 8653041                    /home/desktop/.gradle/caches/modules-2/files-2.1/ch.qos.logback/logback-core/1.2.6/25be1abb32e870ff042e698a799b56587e0dca9a/logback-core-1.2.6.jar
7f0432aba000-7f0432abb000 r--s 00001000 08:05 8653117                    /home/desktop/.gradle/caches/modules-2/files-2.1/org.opentest4j/opentest4j/1.2.0/28c11eb91f9b6d8e200631d46e20a7f407f2a046/opentest4j-1.2.0.jar
7f0432abb000-7f0432abc000 r--s 00000000 08:05 8653116                    /home/desktop/.gradle/caches/modules-2/files-2.1/org.apiguardian/apiguardian-api/1.1.0/fc9dff4bb36d627bdc553de77e1f17efd790876c/apiguardian-api-1.1.0.jar
7f0432abc000-7f0432abe000 r--s 00006000 08:05 8653115                    /home/desktop/.gradle/caches/modules-2/files-2.1/net.minidev/accessors-smart/2.4.7/3970cfc505e6657ca60f3aa57c849f6043000d7a/accessors-smart-2.4.7.jar
7f0432abe000-7f0432ac0000 r--s 0000f000 08:05 8653048                    /home/desktop/.gradle/caches/modules-2/files-2.1/com.sun.activation/jakarta.activation/1.2.2/74548703f9851017ce2f556066659438019e7eb5/jakarta.activation-1.2.2.jar
7f0432ac0000-7f0432ac2000 r--s 00006000 08:05 8653039                    /home/desktop/.gradle/caches/modules-2/files-2.1/com.sun.istack/istack-commons-runtime/3.0.12/cbbe1a62b0cc6c85972e99d52aaee350153dc530/istack-commons-runtime-3.0.12.jar
7f0432ac2000-7f0432ac4000 r--s 00010000 08:05 8653038                    /home/desktop/.gradle/caches/modules-2/files-2.1/org.glassfish.jaxb/txw2/2.3.5/ec8930fa62e7b1758b1664d135f50c7abe86a4a3/txw2-2.3.5.jar
7f0432ac4000-7f0432ac7000 r--s 00011000 08:05 8653040                    /home/desktop/.gradle/caches/modules-2/files-2.1/org.springframework.security/spring-security-crypto/5.5.3/45fc09a7a2484ef843a9db4652e6ff984bc2e537/spring-security-crypto-5.5.3.jar
7f0432ac7000-7f0432ac8000 r--s 00005000 08:05 8652818                    /home/desktop/.gradle/caches/modules-2/files-2.1/org.springframework/spring-jcl/5.3.12/2b5f5bb4a78af879bd174ceff5226da3f014ab9d/spring-jcl-5.3.12.jar
7f0432ac8000-7f0432ac9000 r--s 00004000 08:05 8653114                    /home/desktop/.gradle/caches/modules-2/files-2.1/com.vaadin.external.google/android-json/0.0.20131108.vaadin1/fa26d351fe62a6a17f5cda1287c1c6110dec413f/android-json-0.0.20131108.vaadin1.jar
7f0432ac9000-7f0432acc000 r--s 0000a000 08:05 8653113                    /home/desktop/.gradle/caches/modules-2/files-2.1/org.objenesis/objenesis/3.2/7fadf57620c8b8abdf7519533e5527367cb51f09/objenesis-3.2.jar
7f0432acc000-7f0432acf000 r--s 0003b000 08:05 8653112                    /home/desktop/.gradle/caches/modules-2/files-2.1/net.bytebuddy/byte-buddy-agent/1.10.22/b01df6b71a882b9fde5a608a26e641cd399a4d83/byte-buddy-agent-1.10.22.jar
7f0432acf000-7f0432ad1000 r--s 0000a000 08:05 8653111                    /home/desktop/.gradle/caches/modules-2/files-2.1/jakarta.activation/jakarta.activation-api/1.2.2/99f53adba383cb1bf7c3862844488574b559621f/jakarta.activation-api-1.2.2.jar
7f0432ad1000-7f0432ad5000 r--s 0001a000 08:05 8653110                    /home/desktop/.gradle/caches/modules-2/files-2.1/net.minidev/json-smart/2.4.7/8d7f4c1530c07c54930935f3da85f48b83b3c109/json-smart-2.4.7.jar
7f0432ad5000-7f0432ada000 r--s 0003a000 08:05 8653036                    /home/desktop/.gradle/caches/modules-2/files-2.1/org.apache.tomcat.embed/tomcat-embed-el/9.0.54/9edb062d38d0fd8a165289f44b28b3b0e0e11ed7/tomcat-embed-el-9.0.54.jar
7f0432ada000-7f0432b03000 r--s 0031d000 08:05 8653033                    /home/desktop/.gradle/caches/modules-2/files-2.1/org.apache.tomcat.embed/tomcat-embed-core/9.0.54/34322c731b2394ea13681cfae0be9cd72f46f88d/tomcat-embed-core-9.0.54.jar
7f0432b03000-7f0432b09000 r--s 0003e000 08:05 8653032                    /home/desktop/.gradle/caches/modules-2/files-2.1/org.apache.tomcat.embed/tomcat-embed-websocket/9.0.54/ae018906cecb818a8c6f2316d7b0793beadf6609/tomcat-embed-websocket-9.0.54.jar
7f0432b09000-7f0432b10000 r--s 00049000 08:05 8653029                    /home/desktop/.gradle/caches/modules-2/files-2.1/org.yaml/snakeyaml/1.28/7cae037c3014350c923776548e71c9feb7a69259/snakeyaml-1.28.jar
7f0432b10000-7f0432b12000 r--s 00005000 08:05 8653028                    /home/desktop/.gradle/caches/modules-2/files-2.1/jakarta.annotation/jakarta.annotation-api/1.3.5/59eb84ee0d616332ff44aba065f3888cf002cd2d/jakarta.annotation-api-1.3.5.jar
7f0432b12000-7f0432b17000 r--s 0004b000 08:05 8653017                    /home/desktop/.gradle/caches/modules-2/files-2.1/org.dom4j/dom4j/2.1.3/a75914155a9f5808963170ec20653668a2ffd2fd/dom4j-2.1.3.jar
7f0432b17000-7f0432b19000 r--s 0000f000 08:05 8653016                    /home/desktop/.gradle/caches/modules-2/files-2.1/com.fasterxml/classmate/1.5.1/3fe0bed568c62df5e89f4f174c101eab25345b6c/classmate-1.5.1.jar
7f0432b19000-7f0432b1c000 r--s 0002f000 08:05 8653015                    /home/desktop/.gradle/caches/modules-2/files-2.1/org.jboss/jandex/2.2.3.Final/d3865101f0666b63586683bd811d754517f331ab/jandex-2.2.3.Final.jar
7f0432b1c000-7f0432b21000 r--s 00068000 08:05 8653014                    /home/desktop/.gradle/caches/modules-2/files-2.1/antlr/antlr/2.7.7/83cd2cd674a217ade95a4bb83a8a14f351f48bd0/antlr-2.7.7.jar
7f0432b21000-7f0432b6c000 r--s 0030f000 08:05 8653013                    /home/desktop/.gradle/caches/modules-2/files-2.1/net.bytebuddy/byte-buddy/1.10.22/ef45d7e2cd1c600d279704f492ed5ce2ceb6cdb5/byte-buddy-1.10.22.jar
7f0432b6c000-7f0432b77000 r--s 000b5000 08:05 8653012                    /home/desktop/.gradle/caches/modules-2/files-2.1/org.javassist/javassist/3.27.0-GA/f63e6aa899e15eca8fdaa402a79af4c417252213/javassist-3.27.0-GA.jar
7f0432b77000-7f0432b79000 r--s 0000d000 08:05 8653011                    /home/desktop/.gradle/caches/modules-2/files-2.1/org.jboss.logging/jboss-logging/3.4.2.Final/e517b8a93dd9962ed5481345e4d262fdd47c4217/jboss-logging-3.4.2.Final.jar
7f0432b79000-7f0432b7c000 r--s 00011000 08:05 8653010                    /home/desktop/.gradle/caches/modules-2/files-2.1/org.hibernate.common/hibernate-commons-annotations/5.1.2.Final/e59ffdbc6ad09eeb33507b39ffcf287679a498c8/hibernate-commons-annotations-5.1.2.Final.jar
7f0432b7c000-7f0432b95000 r--s 001e5000 08:05 8653006                    /home/desktop/.gradle/caches/modules-2/files-2.1/org.aspectj/aspectjweaver/1.9.7/158f5c255cd3e4408e795b79f7c3fbae9b53b7ca/aspectjweaver-1.9.7.jar
7f0432b95000-7f0432b9a000 r--s 00025000 08:05 8653109                    /home/desktop/.gradle/caches/modules-2/files-2.1/org.xmlunit/xmlunit-core/2.8.3/79be4916d0203c17944d0e891c2b17c555727af/xmlunit-core-2.8.3.jar
7f0432b9a000-7f0432bb6000 r--s 0014e000 08:05 8652807                    /home/desktop/.gradle/caches/modules-2/files-2.1/org.springframework/spring-core/5.3.12/662e6536968246af9baa84fbac2d3eb56a04fda9/spring-core-5.3.12.jar
7f0432bb6000-7f0432bbb000 r--s 00042000 08:05 8653022                    /home/desktop/.gradle/caches/modules-2/files-2.1/org.springframework/spring-expression/5.3.12/50c82e995b3b8e20a3f313b4356237db5a26e14a/spring-expression-5.3.12.jar
7f0432bbb000-7f0432bc8000 r--s 0009e000 08:05 8653021                    /home/desktop/.gradle/caches/modules-2/files-2.1/org.springframework/spring-beans/5.3.12/caaa1d489bce88d6aa01ddd255ad5046acf8f282/spring-beans-5.3.12.jar
7f0432bc8000-7f0432bd1000 r--s 00049000 08:05 8653020                    /home/desktop/.gradle/caches/modules-2/files-2.1/org.springframework/spring-tx/5.3.12/7f2e61a22682baa22ed5bef0724a4386c41477cb/spring-tx-5.3.12.jar
7f0432bd1000-7f0432bdb000 r--s 0005f000 08:05 8653009                    /home/desktop/.gradle/caches/modules-2/files-2.1/org.springframework/spring-jdbc/5.3.12/957d6ddc80fbf52d965e6af90ddd0dccfed42d7d/spring-jdbc-5.3.12.jar
7f0432bdb000-7f0432bdf000 r--s 0002e000 08:05 8653008                    /home/desktop/.gradle/caches/modules-2/files-2.1/org.springframework/spring-orm/5.3.12/2881f9e71889b35fa3785bf67706a201cea93004/spring-orm-5.3.12.jar
7f0432bdf000-7f0432bf0000 r--s 000b0000 08:05 8653108                    /home/desktop/.gradle/caches/modules-2/files-2.1/org.springframework/spring-test/5.3.12/f993b6846c26a1f0f4ed60bc5fdba22a4839c9c1/spring-test-5.3.12.jar
7f0432bf0000-7f0432bf2000 r--s 00006000 08:05 8653107                    /home/desktop/.gradle/caches/modules-2/files-2.1/org.skyscreamer/jsonassert/1.5.0/6c9d5fe2f59da598d9aefc1cfc6528ff3cf32df3/jsonassert-1.5.0.jar
7f0432bf2000-7f0432c03000 r--s 00092000 08:05 8653106                    /home/desktop/.gradle/caches/modules-2/files-2.1/org.mockito/mockito-core/3.9.0/b7573430aea743b26434b44f4f46272af613e660/mockito-core-3.9.0.jar
7f0432c03000-7f0432c04000 r--s 00001000 08:05 8653104                    /home/desktop/.gradle/caches/modules-2/files-2.1/org.junit.jupiter/junit-jupiter/5.7.2/62faa742964a9d8dab8fdb4a0eab7b01441c171f/junit-jupiter-5.7.2.jar
7f0432c04000-7f0432c07000 r--s 00016000 08:05 8653103                    /home/desktop/.gradle/caches/modules-2/files-2.1/org.junit.platform/junit-platform-commons/1.7.2/34adfea6c13fc4a996cf38cdad80800ce850d198/junit-platform-commons-1.7.2.jar
7f0432c07000-7f0432c0c000 r--s 00028000 08:05 8653120                    /home/desktop/.gradle/caches/modules-2/files-2.1/org.junit.platform/junit-platform-engine/1.7.2/2573770b46b8a199ed5f6b0f96fb99e468bfe891/junit-platform-engine-1.7.2.jar
7f0432c0c000-7f0432c11000 r--s 00026000 08:05 8653102                    /home/desktop/.gradle/caches/modules-2/files-2.1/org.junit.jupiter/junit-jupiter-api/5.7.2/f4b4079732a9c537983324cfa4e46655f21d2c56/junit-jupiter-api-5.7.2.jar
7f0432c11000-7f0432c15000 r--s 00030000 08:05 8653119                    /home/desktop/.gradle/caches/modules-2/files-2.1/org.junit.jupiter/junit-jupiter-engine/5.7.2/9415680a889f00b8205a094c5c487bc69dc7077d/junit-jupiter-engine-5.7.2.jar
7f0432c15000-7f0432c22000 r--s 0007e000 08:05 8653101                    /home/desktop/.gradle/caches/modules-2/files-2.1/org.junit.jupiter/junit-jupiter-params/5.7.2/685f832f8c54dd40100f646d61aca88ed9545421/junit-jupiter-params-5.7.2.jar
7f0432c22000-7f0432c23000 r--s 00001000 08:05 8653105                    /home/desktop/.gradle/caches/modules-2/files-2.1/org.mockito/mockito-junit-jupiter/3.9.0/871745ab6af5a269411ea3c1f99ced82ed079436/mockito-junit-jupiter-3.9.0.jar
7f0432c23000-7f0432c27000 r--s 0001b000 08:05 8653100                    /home/desktop/.gradle/caches/modules-2/files-2.1/org.hamcrest/hamcrest/2.2/1820c0968dba3a11a1b30669bb1f01978a91dedc/hamcrest-2.2.jar
7f0432c27000-7f0432c28000 r--s 00000000 08:05 8653488                    /home/desktop/.gradle/caches/modules-2/files-2.1/org.hamcrest/hamcrest-core/2.2/3f2bd07716a31c395e2837254f37f21f0f0ab24b/hamcrest-core-2.2.jar
7f0432c28000-7f0432c92000 r--s 0042d000 08:05 8653099                    /home/desktop/.gradle/caches/modules-2/files-2.1/org.assertj/assertj-core/3.19.0/f64cb5690b85e68d5e1e6c6152bfb6e3840a452d/assertj-core-3.19.0.jar
7f0432c92000-7f0432c96000 r--s 00019000 08:05 8653037                    /home/desktop/.gradle/caches/modules-2/files-2.1/jakarta.xml.bind/jakarta.xml.bind-api/2.3.3/48e3b9cfc10752fba3521d6511f4165bea951801/jakarta.xml.bind-api-2.3.3.jar
7f0432c96000-7f0432cab000 r--s 000e4000 08:05 8653018                    /home/desktop/.gradle/caches/modules-2/files-2.1/org.glassfish.jaxb/jaxb-runtime/2.3.5/a169a961a2bb9ac69517ec1005e451becf5cdfab/jaxb-runtime-2.3.5.jar
7f0432cab000-7f0432cad000 r--s 00009000 08:05 8653027                    /home/desktop/.gradle/caches/modules-2/files-2.1/org.slf4j/slf4j-api/1.7.32/cdcff33940d9f2de763bc41ea05a0be5941176c3/slf4j-api-1.7.32.jar
7f0432cad000-7f0432caf000 r--s 00000000 08:05 8653026                    /home/desktop/.gradle/caches/modules-2/files-2.1/org.slf4j/jul-to-slf4j/1.7.32/8a055c04ab44e8e8326901cadf89080721348bdb/jul-to-slf4j-1.7.32.jar
7f0432caf000-7f0432cb1000 r--s 00003000 08:05 8653025                    /home/desktop/.gradle/caches/modules-2/files-2.1/org.apache.logging.log4j/log4j-to-slf4j/2.14.1/ce8a86a3f50a4304749828ce68e7478cafbc8039/log4j-to-slf4j-2.14.1.jar
7f0432cb1000-7f0432cb8000 r--s 00041000 08:05 8653024                    /home/desktop/.gradle/caches/modules-2/files-2.1/ch.qos.logback/logback-classic/1.2.6/b09efa852337fa0dd9859614389eec58dc287116/logback-classic-1.2.6.jar
7f0432cb8000-7f0432cd2000 r--s 0011a000 08:05 8653019                    /home/desktop/.gradle/caches/modules-2/files-2.1/org.springframework.data/spring-data-commons/2.5.6/15a2384f4eaf7fee512fb295174f6c0fb6c55ee1/spring-data-commons-2.5.6.jar
7f0432cd2000-7f0432cd5000 r--s 00024000 08:05 8653007                    /home/desktop/.gradle/caches/modules-2/files-2.1/com.zaxxer/HikariCP/4.0.3/107cbdf0db6780a065f895ae9d8fbf3bb0e1c21f/HikariCP-4.0.3.jar
7f0432cd5000-7f0432cdb000 r--s 00033000 08:05 8653098                    /home/desktop/.gradle/caches/modules-2/files-2.1/com.jayway.jsonpath/json-path/2.5.0/c35ef29095125b51638d19120f63e2b56eff20e9/json-path-2.5.0.jar
7f0432cdb000-7f0432cfa000 r--s 00170000 08:05 8653005                    /home/desktop/.gradle/caches/modules-2/files-2.1/org.springframework/spring-web/5.3.12/78991a50d17da49bddc4987a2cc8b83d46c402a7/spring-web-5.3.12.jar
7f0432cfa000-7f0432d03000 r--s 00055000 08:05 8653003                    /home/desktop/.gradle/caches/modules-2/files-2.1/org.springframework/spring-aop/5.3.12/882db41939109e96f4c78cd5c0931cc4aebc3d58/spring-aop-5.3.12.jar
7f0432d03000-7f0432d1f000 r--s 0011a000 08:05 8653002                    /home/desktop/.gradle/caches/modules-2/files-2.1/org.springframework/spring-context/5.3.12/d5f5f044e05109b7f3337ea2cf692fd62d1ecbb6/spring-context-5.3.12.jar
7f0432d1f000-7f0432d3d000 r--s 00137000 08:05 8653000                    /home/desktop/.gradle/caches/modules-2/files-2.1/org.springframework.boot/spring-boot/2.5.6/d8c6b97fd3182fb6d7d06ebf710cd9ccabc83b89/spring-boot-2.5.6.jar
7f0432d3d000-7f0432d69000 r--s 00153000 08:05 8652999                    /home/desktop/.gradle/caches/modules-2/files-2.1/org.springframework.boot/spring-boot-autoconfigure/2.5.6/b9f4016180c5242530da465561ff25c7cac14bf3/spring-boot-autoconfigure-2.5.6.jar
7f0432d69000-7f0432d6f000 r--s 00030000 08:05 8653097                    /home/desktop/.gradle/caches/modules-2/files-2.1/org.springframework.boot/spring-boot-test/2.5.6/d51fcfd9c4f1236e6460a476be93c96a5687612e/spring-boot-test-2.5.6.jar
7f0432d6f000-7f0432d76000 r--s 00026000 08:05 8653095                    /home/desktop/.gradle/caches/modules-2/files-2.1/org.springframework.boot/spring-boot-test-autoconfigure/2.5.6/8e5fdad6e7e508fde028f8f5179b061ec47c5636/spring-boot-test-autoconfigure-2.5.6.jar
7f0432d76000-7f0432d88000 r--s 000e9000 08:05 8652998                    /home/desktop/.gradle/caches/modules-2/files-2.1/org.springframework/spring-webmvc/5.3.12/3d92ad6c28bfa5923183f328f5bfa1e39ec32714/spring-webmvc-5.3.12.jar
7f0432d88000-7f0432d98000 r--s 00086000 08:05 8652997                    /home/desktop/.gradle/caches/modules-2/files-2.1/org.springframework.security/spring-security-web/5.5.3/2d2b773e2af5b5984852db8857a77175ce4e1104/spring-security-web-5.5.3.jar
7f0432d98000-7f0432e1e000 r--s 0067d000 08:05 8652991                    /home/desktop/.gradle/caches/modules-2/files-2.1/org.hibernate/hibernate-core/5.4.32.Final/99a5e10bf455337014c190e141ec631e9ff71663/hibernate-core-5.4.32.Final.jar
7f0432e1e000-7f0432e21000 ---p 00000000 00:00 0 
7f0432e21000-7f0432f1f000 rw-p 00000000 00:00 0 
7f0432f1f000-7f0433cfd000 r--p 00000000 08:05 530004                     /usr/lib/locale/locale-archive
7f0433cfd000-7f0433d00000 ---p 00000000 00:00 0 
7f0433d00000-7f0433dfe000 rw-p 00000000 00:00 0 
7f0433dfe000-7f0433e01000 ---p 00000000 00:00 0 
7f0433e01000-7f0433eff000 rw-p 00000000 00:00 0 
7f0433eff000-7f0433f00000 ---p 00000000 00:00 0 
7f0433f00000-7f0434000000 rw-p 00000000 00:00 0 
7f0434000000-7f0434021000 rw-p 00000000 00:00 0 
7f0434021000-7f0438000000 ---p 00000000 00:00 0 
7f0438000000-7f0438024000 rw-p 00000000 00:00 0 
7f0438024000-7f043c000000 ---p 00000000 00:00 0 
7f043c000000-7f043c021000 rw-p 00000000 00:00 0 
7f043c021000-7f0440000000 ---p 00000000 00:00 0 
7f0440000000-7f0440001000 r--s 00001000 08:05 8653023                    /home/desktop/.gradle/caches/modules-2/files-2.1/org.springframework.boot/spring-boot-starter-logging/2.5.6/a900356a11b1a41f4277136f1d13ce7a13f43b3c/spring-boot-starter-logging-2.5.6.jar
7f0440001000-7f0440002000 r--s 00001000 08:05 8653004                    /home/desktop/.gradle/caches/modules-2/files-2.1/org.springframework.boot/spring-boot-starter-tomcat/2.5.6/6d1a04a727d9d09b99207864ceb0a4567e53730a/spring-boot-starter-tomcat-2.5.6.jar
7f0440002000-7f044000d000 r--s 00052000 08:05 8653001                    /home/desktop/.gradle/caches/modules-2/files-2.1/org.springframework.security/spring-security-core/5.5.3/82152ffbb7d248e0903732c74e1578317d8dc8de/spring-security-core-5.5.3.jar
7f044000d000-7f0440021000 r--s 00127000 08:05 8652996                    /home/desktop/.gradle/caches/modules-2/files-2.1/org.springframework.security/spring-security-config/5.5.3/106b6a1af7460d64fab64ba5bbfe3f52f0eec139/spring-security-config-5.5.3.jar
7f0440021000-7f0440022000 r--s 00001000 08:05 8652995                    /home/desktop/.gradle/caches/modules-2/files-2.1/org.springframework.boot/spring-boot-starter/2.5.6/d5d1fada1afe9a808abf48da7066a993cf679aa/spring-boot-starter-2.5.6.jar
7f0440022000-7f0440024000 r--s 0000a000 08:05 8652993                    /home/desktop/.gradle/caches/modules-2/files-2.1/org.springframework/spring-aspects/5.3.12/3cccc3052c6973c059eb2be7c4baf0b9558d49b7/spring-aspects-5.3.12.jar
7f0440024000-7f044002d000 r--s 00054000 08:05 8652992                    /home/desktop/.gradle/caches/modules-2/files-2.1/org.springframework.data/spring-data-jpa/2.5.6/8e0ec2f54f3fcda49dfb3123f3a40f34b55df92a/spring-data-jpa-2.5.6.jar
7f044002d000-7f0440033000 r--s 00023000 08:05 8652990                    /home/desktop/.gradle/caches/modules-2/files-2.1/jakarta.persistence/jakarta.persistence-api/2.2.3/8f6ea5daedc614f07a3654a455660145286f024e/jakarta.persistence-api-2.2.3.jar
7f0440033000-7f0440034000 r--s 00003000 08:05 8652989                    /home/desktop/.gradle/caches/modules-2/files-2.1/jakarta.transaction/jakarta.transaction-api/1.3.3/c4179d48720a1e87202115fbed6089bdc4195405/jakarta.transaction-api-1.3.3.jar
7f0440034000-7f0440035000 r--s 00001000 08:05 8652988                    /home/desktop/.gradle/caches/modules-2/files-2.1/org.springframework.boot/spring-boot-starter-jdbc/2.5.6/cf01e787378c2d30b695f0c9f76fb48a6b490984/spring-boot-starter-jdbc-2.5.6.jar
7f0440035000-7f0440036000 r--s 00001000 08:05 8652987                    /home/desktop/.gradle/caches/modules-2/files-2.1/org.springframework.boot/spring-boot-starter-aop/2.5.6/c5db1260ecf447f55419f1a17da75a42f211aca3/spring-boot-starter-aop-2.5.6.jar
7f0440036000-7f044003e000 r--s 00045000 08:05 8653485                    /home/desktop/.gradle/caches/modules-2/files-2.1/junit/junit/4.12/2973d150c0dc1fefe998f834810d68f278ea58ec/junit-4.12.jar
7f044003e000-7f0440043000 r--s 00055000 08:05 8652808                    /home/desktop/.gradle/caches/modules-2/files-2.1/com.fasterxml.jackson.core/jackson-core/2.12.5/725e364cc71b80e60fa450bd06d75cdea7fb2d59/jackson-core-2.12.5.jar
7f0440043000-7f0440046000 r--s 00010000 08:05 8652809                    /home/desktop/.gradle/caches/modules-2/files-2.1/com.fasterxml.jackson.core/jackson-annotations/2.12.5/52d929d5bb21d0186fe24c09624cc3ee4bafc3b3/jackson-annotations-2.12.5.jar
7f0440046000-7f044005d000 r--s 0015c000 08:05 8652817                    /home/desktop/.gradle/caches/modules-2/files-2.1/com.fasterxml.jackson.core/jackson-databind/2.12.5/b064cf057f23d3d35390328c5030847efeffedde/jackson-databind-2.12.5.jar
7f044005d000-7f044005f000 r--s 00001000 08:05 8652813                    /home/desktop/.gradle/caches/modules-2/files-2.1/com.fasterxml.jackson.module/jackson-module-parameter-names/2.12.5/2c85c2036d0851425a260c01eb5f7ddbed1eeb00/jackson-module-parameter-names-2.12.5.jar
7f044005f000-7f0440062000 r--s 0001b000 08:05 8653030                    /home/desktop/.gradle/caches/modules-2/files-2.1/com.fasterxml.jackson.datatype/jackson-datatype-jsr310/2.12.5/a0a9870b681a72789c5c6bdc380e45ab719c6aa3/jackson-datatype-jsr310-2.12.5.jar
7f0440062000-7f0440064000 r--s 00007000 08:05 8653031                    /home/desktop/.gradle/caches/modules-2/files-2.1/com.fasterxml.jackson.datatype/jackson-datatype-jdk8/2.12.5/6b2f79547d217ad50dfc5b57af7444a3aa583b43/jackson-datatype-jdk8-2.12.5.jar
7f0440064000-7f0440065000 r--s 00001000 08:05 8652994                    /home/desktop/.gradle/caches/modules-2/files-2.1/org.springframework.boot/spring-boot-starter-json/2.5.6/6ef5a7087e18ed4f3736c8752440ecd489c36a4d/spring-boot-starter-json-2.5.6.jar
7f0440065000-7f0440069000 r--s 0001a000 08:05 8653094                    /home/desktop/.gradle/caches/modules-2/files-2.1/org.springframework.security/spring-security-test/5.5.3/943c8c264fc9b41b54ff0eedcf1ed90eca79b2b9/spring-security-test-5.5.3.jar
7f0440069000-7f0440084000 r--s 00242000 08:05 8653397                    /home/desktop/.gradle/caches/modules-2/files-2.1/mysql/mysql-connector-java/8.0.27/f1da9f10a3de6348725a413304aab6d0aa04f923/mysql-connector-java-8.0.27.jar
7f0440084000-7f0440088000 r--s 00032000 08:05 8653890                    /home/desktop/.gradle/caches/modules-2/files-2.1/javax.mail/javax.mail-api/1.6.0/1941270d3b04ded5bdc274351450b4afe47be080/javax.mail-api-1.6.0.jar
7f0440088000-7f044008a000 r--p 00000000 08:05 531467                     /usr/lib/x86_64-linux-gnu/libnss_dns-2.31.so
7f044008a000-7f044008e000 r-xp 00002000 08:05 531467                     /usr/lib/x86_64-linux-gnu/libnss_dns-2.31.so
7f044008e000-7f044008f000 r--p 00006000 08:05 531467                     /usr/lib/x86_64-linux-gnu/libnss_dns-2.31.so
7f044008f000-7f0440090000 r--p 00006000 08:05 531467                     /usr/lib/x86_64-linux-gnu/libnss_dns-2.31.so
7f0440090000-7f0440091000 rw-p 00007000 08:05 531467                     /usr/lib/x86_64-linux-gnu/libnss_dns-2.31.so
7f0440091000-7f0440095000 r--p 00000000 08:05 531656                     /usr/lib/x86_64-linux-gnu/libresolv-2.31.so
7f0440095000-7f04400a5000 r-xp 00004000 08:05 531656                     /usr/lib/x86_64-linux-gnu/libresolv-2.31.so
7f04400a5000-7f04400a8000 r--p 00014000 08:05 531656                     /usr/lib/x86_64-linux-gnu/libresolv-2.31.so
7f04400a8000-7f04400a9000 ---p 00017000 08:05 531656                     /usr/lib/x86_64-linux-gnu/libresolv-2.31.so
7f04400a9000-7f04400aa000 r--p 00017000 08:05 531656                     /usr/lib/x86_64-linux-gnu/libresolv-2.31.so
7f04400aa000-7f04400ab000 rw-p 00018000 08:05 531656                     /usr/lib/x86_64-linux-gnu/libresolv-2.31.so
7f04400ab000-7f04400ad000 rw-p 00000000 00:00 0 
7f04400ad000-7f04400ae000 r--p 00000000 08:05 531475                     /usr/lib/x86_64-linux-gnu/libnss_mdns4_minimal.so.2
7f04400ae000-7f04400b0000 r-xp 00001000 08:05 531475                     /usr/lib/x86_64-linux-gnu/libnss_mdns4_minimal.so.2
7f04400b0000-7f04400b1000 r--p 00003000 08:05 531475                     /usr/lib/x86_64-linux-gnu/libnss_mdns4_minimal.so.2
7f04400b1000-7f04400b2000 r--p 00003000 08:05 531475                     /usr/lib/x86_64-linux-gnu/libnss_mdns4_minimal.so.2
7f04400b2000-7f04400b3000 rw-p 00004000 08:05 531475                     /usr/lib/x86_64-linux-gnu/libnss_mdns4_minimal.so.2
7f04400b3000-7f04400b4000 r--s 00001000 08:05 8653093                    /home/desktop/.gradle/caches/modules-2/files-2.1/org.springframework.boot/spring-boot-starter-test/2.5.6/ae7b6c974539d7789bfff7bb150b333f1ffb5795/spring-boot-starter-test-2.5.6.jar
7f04400b4000-7f04400b7000 r--s 00011000 08:05 8653885                    /home/desktop/.gradle/caches/modules-2/files-2.1/io.jsonwebtoken/jjwt/0.2/91e12a0c77d8ea7dc97c60e3db85659325dd2e93/jjwt-0.2.jar
7f04400b7000-7f04400b9000 r--s 00010000 08:05 8653170                    /home/desktop/.gradle/caches/modules-2/files-2.1/commons-codec/commons-codec/1.5/cf993e250ff71804754ec2734a16f23c0be99f70/commons-codec-1.5.jar
7f04400b9000-7f04400c2000 r--s 0006d000 08:05 8653900                    /home/desktop/.gradle/caches/modules-2/files-2.1/log4j/log4j/1.2.16/7999a63bfccbc7c247a9aea10d83d4272bd492c6/log4j-1.2.16.jar
7f04400c2000-7f04400c3000 r--s 00001000 08:05 8652986                    /home/desktop/.gradle/caches/modules-2/files-2.1/org.springframework.boot/spring-boot-starter-web/2.5.6/46b479490170914f7477b96a21241183b181c24d/spring-boot-starter-web-2.5.6.jar
7f04400c3000-7f04400c4000 r--s 00001000 08:05 8652985                    /home/desktop/.gradle/caches/modules-2/files-2.1/org.springframework.boot/spring-boot-starter-security/2.5.6/af5827b9e08ea631fa213cccd1144fbdfee32896/spring-boot-starter-security-2.5.6.jar
7f04400c4000-7f04400ca000 r--s 00042000 08:05 11141691                   /home/desktop/NetBeansProjects/project/ServiceManagement/build/tmp/expandedArchives/org.jacoco.agent-0.8.7.jar_3a83c50b4a016f281c4e9f3500d16b55/jacocoagent.jar
7f04400ca000-7f04400ce000 r--s 00040000 08:05 4197413                    /usr/lib/jvm/java-8-openjdk-amd64/jre/lib/ext/sunpkcs11.jar
7f04400ce000-7f04400d0000 r--s 00010000 08:05 4197414                    /usr/lib/jvm/java-8-openjdk-amd64/jre/lib/ext/zipfs.jar
7f04400d0000-7f04400d2000 r--s 00001000 08:05 4197406                    /usr/lib/jvm/java-8-openjdk-amd64/jre/lib/ext/dnsns.jar
7f04400d2000-7f04400d4000 r--s 00008000 08:05 4197411                    /usr/lib/jvm/java-8-openjdk-amd64/jre/lib/ext/sunec.jar
7f04400d4000-7f04400ef000 r--s 00394000 08:05 4197405                    /usr/lib/jvm/java-8-openjdk-amd64/jre/lib/ext/cldrdata.jar
7f04400ef000-7f04400f1000 r--s 0000c000 08:05 1312503                    /usr/share/java/java-atk-wrapper.jar
7f04400f1000-7f0441000000 rw-p 00000000 00:00 0 
7f0441000000-7f0441440000 rwxp 00000000 00:00 0 
7f0441440000-7f0450000000 ---p 00000000 00:00 0 
7f0450000000-7f0450e9b000 rw-p 00000000 00:00 0 
7f0450e9b000-7f0454000000 ---p 00000000 00:00 0 
7f0454000000-7f0454001000 r--s 00001000 08:05 8652984                    /home/desktop/.gradle/caches/modules-2/files-2.1/org.springframework.boot/spring-boot-starter-data-jpa/2.5.6/8d7fe99c33e09390316749614d9795d80b49207b/spring-boot-starter-data-jpa-2.5.6.jar
7f0454001000-7f045400c000 r--s 00116000 08:05 4197409                    /usr/lib/jvm/java-8-openjdk-amd64/jre/lib/ext/localedata.jar
7f045400c000-7f0454027000 r--s 001d6000 08:05 4197410                    /usr/lib/jvm/java-8-openjdk-amd64/jre/lib/ext/nashorn.jar
7f0454027000-7f045402c000 r--p 00000000 08:05 3674708                    /usr/lib/jvm/java-8-openjdk-amd64/jre/lib/amd64/libnet.so
7f045402c000-7f045403d000 r-xp 00005000 08:05 3674708                    /usr/lib/jvm/java-8-openjdk-amd64/jre/lib/amd64/libnet.so
7f045403d000-7f0454041000 r--p 00016000 08:05 3674708                    /usr/lib/jvm/java-8-openjdk-amd64/jre/lib/amd64/libnet.so
7f0454041000-7f0454042000 r--p 00019000 08:05 3674708                    /usr/lib/jvm/java-8-openjdk-amd64/jre/lib/amd64/libnet.so
7f0454042000-7f0454043000 rw-p 0001a000 08:05 3674708                    /usr/lib/jvm/java-8-openjdk-amd64/jre/lib/amd64/libnet.so
7f0454043000-7f045404a000 r--p 00000000 08:05 3674709                    /usr/lib/jvm/java-8-openjdk-amd64/jre/lib/amd64/libnio.so
7f045404a000-7f0454053000 r-xp 00007000 08:05 3674709                    /usr/lib/jvm/java-8-openjdk-amd64/jre/lib/amd64/libnio.so
7f0454053000-7f0454056000 r--p 00010000 08:05 3674709                    /usr/lib/jvm/java-8-openjdk-amd64/jre/lib/amd64/libnio.so
7f0454056000-7f0454057000 r--p 00012000 08:05 3674709                    /usr/lib/jvm/java-8-openjdk-amd64/jre/lib/amd64/libnio.so
7f0454057000-7f0454058000 rw-p 00013000 08:05 3674709                    /usr/lib/jvm/java-8-openjdk-amd64/jre/lib/amd64/libnio.so
7f0454058000-7f04540a6000 rw-p 00000000 00:00 0 
7f04540a6000-7f0454277000 r--s 03ca5000 08:05 3541222                    /usr/lib/jvm/java-8-openjdk-amd64/jre/lib/rt.jar
7f0454277000-7f0455c52000 rw-p 00000000 00:00 0 
7f0455c52000-7f0455c53000 ---p 00000000 00:00 0 
7f0455c53000-7f0455d53000 rw-p 00000000 00:00 0 
7f0455d53000-7f0455d54000 ---p 00000000 00:00 0 
7f0455d54000-7f0455e54000 rw-p 00000000 00:00 0 
7f0455e54000-7f0455e55000 ---p 00000000 00:00 0 
7f0455e55000-7f0455f55000 rw-p 00000000 00:00 0 
7f0455f55000-7f0455f56000 ---p 00000000 00:00 0 
7f0455f56000-7f04560ff000 rw-p 00000000 00:00 0 
7f04560ff000-7f0456101000 ---p 00000000 00:00 0 
7f0456101000-7f04561aa000 rw-p 00000000 00:00 0 
7f04561aa000-7f04561ab000 ---p 00000000 00:00 0 
7f04561ab000-7f04561c0000 rw-p 00000000 00:00 0 
7f04561c0000-7f0456201000 ---p 00000000 00:00 0 
7f0456201000-7f0456213000 rw-p 00000000 00:00 0 
7f0456213000-7f04565c2000 ---p 00000000 00:00 0 
7f04565c2000-7f04565c5000 r--p 00000000 08:05 3674716                    /usr/lib/jvm/java-8-openjdk-amd64/jre/lib/amd64/libzip.so
7f04565c5000-7f04565ca000 r-xp 00003000 08:05 3674716                    /usr/lib/jvm/java-8-openjdk-amd64/jre/lib/amd64/libzip.so
7f04565ca000-7f04565cc000 r--p 00008000 08:05 3674716                    /usr/lib/jvm/java-8-openjdk-amd64/jre/lib/amd64/libzip.so
7f04565cc000-7f04565cd000 r--p 00009000 08:05 3674716                    /usr/lib/jvm/java-8-openjdk-amd64/jre/lib/amd64/libzip.so
7f04565cd000-7f04565ce000 rw-p 0000a000 08:05 3674716                    /usr/lib/jvm/java-8-openjdk-amd64/jre/lib/amd64/libzip.so
7f04565ce000-7f04565d1000 r--p 00000000 08:05 531469                     /usr/lib/x86_64-linux-gnu/libnss_files-2.31.so
7f04565d1000-7f04565d8000 r-xp 00003000 08:05 531469                     /usr/lib/x86_64-linux-gnu/libnss_files-2.31.so
7f04565d8000-7f04565da000 r--p 0000a000 08:05 531469                     /usr/lib/x86_64-linux-gnu/libnss_files-2.31.so
7f04565da000-7f04565db000 r--p 0000b000 08:05 531469                     /usr/lib/x86_64-linux-gnu/libnss_files-2.31.so
7f04565db000-7f04565dc000 rw-p 0000c000 08:05 531469                     /usr/lib/x86_64-linux-gnu/libnss_files-2.31.so
7f04565dc000-7f04565e2000 rw-p 00000000 00:00 0 
7f04565e2000-7f04565e5000 r--s 0000f000 08:05 4197407                    /usr/lib/jvm/java-8-openjdk-amd64/jre/lib/ext/icedtea-sound.jar
7f04565e5000-7f04565eb000 r--s 0003d000 08:05 4197412                    /usr/lib/jvm/java-8-openjdk-amd64/jre/lib/ext/sunjce_provider.jar
7f04565eb000-7f04565f3000 rw-s 00000000 08:05 7077963                    /tmp/hsperfdata_desktop/20326
7f04565f3000-7f0456600000 r--p 00000000 08:05 3674697                    /usr/lib/jvm/java-8-openjdk-amd64/jre/lib/amd64/libjava.so
7f0456600000-7f0456618000 r-xp 0000d000 08:05 3674697                    /usr/lib/jvm/java-8-openjdk-amd64/jre/lib/amd64/libjava.so
7f0456618000-7f045661f000 r--p 00025000 08:05 3674697                    /usr/lib/jvm/java-8-openjdk-amd64/jre/lib/amd64/libjava.so
7f045661f000-7f0456620000 r--p 0002b000 08:05 3674697                    /usr/lib/jvm/java-8-openjdk-amd64/jre/lib/amd64/libjava.so
7f0456620000-7f0456622000 rw-p 0002c000 08:05 3674697                    /usr/lib/jvm/java-8-openjdk-amd64/jre/lib/amd64/libjava.so
7f0456622000-7f0456627000 r--p 00000000 08:05 3674715                    /usr/lib/jvm/java-8-openjdk-amd64/jre/lib/amd64/libverify.so
7f0456627000-7f0456630000 r-xp 00005000 08:05 3674715                    /usr/lib/jvm/java-8-openjdk-amd64/jre/lib/amd64/libverify.so
7f0456630000-7f0456632000 r--p 0000e000 08:05 3674715                    /usr/lib/jvm/java-8-openjdk-amd64/jre/lib/amd64/libverify.so
7f0456632000-7f0456634000 r--p 0000f000 08:05 3674715                    /usr/lib/jvm/java-8-openjdk-amd64/jre/lib/amd64/libverify.so
7f0456634000-7f0456635000 rw-p 00011000 08:05 3674715                    /usr/lib/jvm/java-8-openjdk-amd64/jre/lib/amd64/libverify.so
7f0456635000-7f0456638000 r--p 00000000 08:05 531676                     /usr/lib/x86_64-linux-gnu/librt-2.31.so
7f0456638000-7f045663c000 r-xp 00003000 08:05 531676                     /usr/lib/x86_64-linux-gnu/librt-2.31.so
7f045663c000-7f045663d000 r--p 00007000 08:05 531676                     /usr/lib/x86_64-linux-gnu/librt-2.31.so
7f045663d000-7f045663e000 ---p 00008000 08:05 531676                     /usr/lib/x86_64-linux-gnu/librt-2.31.so
7f045663e000-7f045663f000 r--p 00008000 08:05 531676                     /usr/lib/x86_64-linux-gnu/librt-2.31.so
7f045663f000-7f0456640000 rw-p 00009000 08:05 531676                     /usr/lib/x86_64-linux-gnu/librt-2.31.so
7f0456640000-7f0456641000 ---p 00000000 00:00 0 
7f0456641000-7f0456644000 ---p 00000000 00:00 0 
7f0456644000-7f0456741000 rw-p 00000000 00:00 0 
7f0456741000-7f0456744000 r--p 00000000 08:05 530982                     /usr/lib/x86_64-linux-gnu/libgcc_s.so.1
7f0456744000-7f0456756000 r-xp 00003000 08:05 530982                     /usr/lib/x86_64-linux-gnu/libgcc_s.so.1
7f0456756000-7f045675a000 r--p 00015000 08:05 530982                     /usr/lib/x86_64-linux-gnu/libgcc_s.so.1
7f045675a000-7f045675b000 r--p 00018000 08:05 530982                     /usr/lib/x86_64-linux-gnu/libgcc_s.so.1
7f045675b000-7f045675c000 rw-p 00019000 08:05 530982                     /usr/lib/x86_64-linux-gnu/libgcc_s.so.1
7f045675c000-7f045676b000 r--p 00000000 08:05 531343                     /usr/lib/x86_64-linux-gnu/libm-2.31.so
7f045676b000-7f0456812000 r-xp 0000f000 08:05 531343                     /usr/lib/x86_64-linux-gnu/libm-2.31.so
7f0456812000-7f04568a9000 r--p 000b6000 08:05 531343                     /usr/lib/x86_64-linux-gnu/libm-2.31.so
7f04568a9000-7f04568aa000 r--p 0014c000 08:05 531343                     /usr/lib/x86_64-linux-gnu/libm-2.31.so
7f04568aa000-7f04568ab000 rw-p 0014d000 08:05 531343                     /usr/lib/x86_64-linux-gnu/libm-2.31.so
7f04568ab000-7f0456941000 r--p 00000000 08:05 531785                     /usr/lib/x86_64-linux-gnu/libstdc++.so.6.0.28
7f0456941000-7f0456a32000 r-xp 00096000 08:05 531785                     /usr/lib/x86_64-linux-gnu/libstdc++.so.6.0.28
7f0456a32000-7f0456a7b000 r--p 00187000 08:05 531785                     /usr/lib/x86_64-linux-gnu/libstdc++.so.6.0.28
7f0456a7b000-7f0456a7c000 ---p 001d0000 08:05 531785                     /usr/lib/x86_64-linux-gnu/libstdc++.so.6.0.28
7f0456a7c000-7f0456a87000 r--p 001d0000 08:05 531785                     /usr/lib/x86_64-linux-gnu/libstdc++.so.6.0.28
7f0456a87000-7f0456a8a000 rw-p 001db000 08:05 531785                     /usr/lib/x86_64-linux-gnu/libstdc++.so.6.0.28
7f0456a8a000-7f0456a8d000 rw-p 00000000 00:00 0 
7f0456a8d000-7f0456c82000 r--p 00000000 08:05 3934460                    /usr/lib/jvm/java-8-openjdk-amd64/jre/lib/amd64/server/libjvm.so
7f0456c82000-7f04575ea000 r-xp 001f5000 08:05 3934460                    /usr/lib/jvm/java-8-openjdk-amd64/jre/lib/amd64/server/libjvm.so
7f04575ea000-7f045779b000 r--p 00b5d000 08:05 3934460                    /usr/lib/jvm/java-8-openjdk-amd64/jre/lib/amd64/server/libjvm.so
7f045779b000-7f045779c000 ---p 00d0e000 08:05 3934460                    /usr/lib/jvm/java-8-openjdk-amd64/jre/lib/amd64/server/libjvm.so
7f045779c000-7f0457832000 r--p 00d0e000 08:05 3934460                    /usr/lib/jvm/java-8-openjdk-amd64/jre/lib/amd64/server/libjvm.so
7f0457832000-7f045785b000 rw-p 00da4000 08:05 3934460                    /usr/lib/jvm/java-8-openjdk-amd64/jre/lib/amd64/server/libjvm.so
7f045785b000-7f0457890000 rw-p 00000000 00:00 0 
7f0457890000-7f0457897000 r--p 00000000 08:05 531613                     /usr/lib/x86_64-linux-gnu/libpthread-2.31.so
7f0457897000-7f04578a8000 r-xp 00007000 08:05 531613                     /usr/lib/x86_64-linux-gnu/libpthread-2.31.so
7f04578a8000-7f04578ad000 r--p 00018000 08:05 531613                     /usr/lib/x86_64-linux-gnu/libpthread-2.31.so
7f04578ad000-7f04578ae000 r--p 0001c000 08:05 531613                     /usr/lib/x86_64-linux-gnu/libpthread-2.31.so
7f04578ae000-7f04578af000 rw-p 0001d000 08:05 531613                     /usr/lib/x86_64-linux-gnu/libpthread-2.31.so
7f04578af000-7f04578b3000 rw-p 00000000 00:00 0 
7f04578b3000-7f04578b4000 r--p 00000000 08:05 530830                     /usr/lib/x86_64-linux-gnu/libdl-2.31.so
7f04578b4000-7f04578b6000 r-xp 00001000 08:05 530830                     /usr/lib/x86_64-linux-gnu/libdl-2.31.so
7f04578b6000-7f04578b7000 r--p 00003000 08:05 530830                     /usr/lib/x86_64-linux-gnu/libdl-2.31.so
7f04578b7000-7f04578b8000 r--p 00003000 08:05 530830                     /usr/lib/x86_64-linux-gnu/libdl-2.31.so
7f04578b8000-7f04578b9000 rw-p 00004000 08:05 530830                     /usr/lib/x86_64-linux-gnu/libdl-2.31.so
7f04578b9000-7f04578bb000 r--p 00000000 08:05 532048                     /usr/lib/x86_64-linux-gnu/libz.so.1.2.11
7f04578bb000-7f04578cc000 r-xp 00002000 08:05 532048                     /usr/lib/x86_64-linux-gnu/libz.so.1.2.11
7f04578cc000-7f04578d2000 r--p 00013000 08:05 532048                     /usr/lib/x86_64-linux-gnu/libz.so.1.2.11
7f04578d2000-7f04578d3000 ---p 00019000 08:05 532048                     /usr/lib/x86_64-linux-gnu/libz.so.1.2.11
7f04578d3000-7f04578d4000 r--p 00019000 08:05 532048                     /usr/lib/x86_64-linux-gnu/libz.so.1.2.11
7f04578d4000-7f04578d5000 rw-p 0001a000 08:05 532048                     /usr/lib/x86_64-linux-gnu/libz.so.1.2.11
7f04578d5000-7f04578fa000 r--p 00000000 08:05 530689                     /usr/lib/x86_64-linux-gnu/libc-2.31.so
7f04578fa000-7f0457a72000 r-xp 00025000 08:05 530689                     /usr/lib/x86_64-linux-gnu/libc-2.31.so
7f0457a72000-7f0457abc000 r--p 0019d000 08:05 530689                     /usr/lib/x86_64-linux-gnu/libc-2.31.so
7f0457abc000-7f0457abd000 ---p 001e7000 08:05 530689                     /usr/lib/x86_64-linux-gnu/libc-2.31.so
7f0457abd000-7f0457ac0000 r--p 001e7000 08:05 530689                     /usr/lib/x86_64-linux-gnu/libc-2.31.so
7f0457ac0000-7f0457ac3000 rw-p 001ea000 08:05 530689                     /usr/lib/x86_64-linux-gnu/libc-2.31.so
7f0457ac3000-7f0457ac7000 rw-p 00000000 00:00 0 
7f0457ac7000-7f0457ac8000 r--s 00009000 08:05 9045617                    /home/desktop/.gradle/caches/7.2/workerMain/gradle-worker.jar
7f0457ac8000-7f0457ac9000 r--s 0000a000 08:05 4197408                    /usr/lib/jvm/java-8-openjdk-amd64/jre/lib/ext/jaccess.jar
7f0457ac9000-7f0457acb000 r--p 00000000 08:05 3674692                    /usr/lib/jvm/java-8-openjdk-amd64/jre/lib/amd64/libinstrument.so
7f0457acb000-7f0457ad2000 r-xp 00002000 08:05 3674692                    /usr/lib/jvm/java-8-openjdk-amd64/jre/lib/amd64/libinstrument.so
7f0457ad2000-7f0457ad5000 r--p 00009000 08:05 3674692                    /usr/lib/jvm/java-8-openjdk-amd64/jre/lib/amd64/libinstrument.so
7f0457ad5000-7f0457ad6000 r--p 0000b000 08:05 3674692                    /usr/lib/jvm/java-8-openjdk-amd64/jre/lib/amd64/libinstrument.so
7f0457ad6000-7f0457ad7000 rw-p 0000c000 08:05 3674692                    /usr/lib/jvm/java-8-openjdk-amd64/jre/lib/amd64/libinstrument.so
7f0457ad7000-7f0457ad8000 rw-p 00000000 00:00 0 
7f0457ad8000-7f0457adb000 r--p 00000000 08:05 3803154                    /usr/lib/jvm/java-8-openjdk-amd64/jre/lib/amd64/jli/libjli.so
7f0457adb000-7f0457ae5000 r-xp 00003000 08:05 3803154                    /usr/lib/jvm/java-8-openjdk-amd64/jre/lib/amd64/jli/libjli.so
7f0457ae5000-7f0457ae8000 r--p 0000d000 08:05 3803154                    /usr/lib/jvm/java-8-openjdk-amd64/jre/lib/amd64/jli/libjli.so
7f0457ae8000-7f0457ae9000 r--p 0000f000 08:05 3803154                    /usr/lib/jvm/java-8-openjdk-amd64/jre/lib/amd64/jli/libjli.so
7f0457ae9000-7f0457aea000 rw-p 00010000 08:05 3803154                    /usr/lib/jvm/java-8-openjdk-amd64/jre/lib/amd64/jli/libjli.so
7f0457aea000-7f0457aec000 rw-p 00000000 00:00 0 
7f0457aec000-7f0457aed000 r--p 00000000 08:05 530471                     /usr/lib/x86_64-linux-gnu/ld-2.31.so
7f0457aed000-7f0457b10000 r-xp 00001000 08:05 530471                     /usr/lib/x86_64-linux-gnu/ld-2.31.so
7f0457b10000-7f0457b18000 r--p 00024000 08:05 530471                     /usr/lib/x86_64-linux-gnu/ld-2.31.so
7f0457b18000-7f0457b19000 ---p 00000000 00:00 0 
7f0457b19000-7f0457b1a000 r--p 0002c000 08:05 530471                     /usr/lib/x86_64-linux-gnu/ld-2.31.so
7f0457b1a000-7f0457b1b000 rw-p 0002d000 08:05 530471                     /usr/lib/x86_64-linux-gnu/ld-2.31.so
7f0457b1b000-7f0457b1c000 rw-p 00000000 00:00 0 
7ffce0a4e000-7ffce0a6f000 rw-p 00000000 00:00 0                          [stack]
7ffce0b6d000-7ffce0b71000 r--p 00000000 00:00 0                          [vvar]
7ffce0b71000-7ffce0b73000 r-xp 00000000 00:00 0                          [vdso]
ffffffffff600000-ffffffffff601000 --xp 00000000 00:00 0                  [vsyscall]

VM Arguments:
jvm_args: -Djava.security.manager=worker.org.gradle.process.internal.worker.child.BootstrapSecurityManager -Dorg.gradle.internal.worker.tmpdir=/home/desktop/NetBeansProjects/project/ServiceManagement/build/tmp/test/work -Dorg.gradle.native=false -javaagent:build/tmp/expandedArchives/org.jacoco.agent-0.8.7.jar_3a83c50b4a016f281c4e9f3500d16b55/jacocoagent.jar=destfile=build/jacoco/test.exec,append=true,inclnolocationclasses=false,dumponexit=true,output=file,jmx=false -Xmx512m -Dfile.encoding=UTF-8 -Duser.country=IN -Duser.language=en -Duser.variant -ea 
java_command: worker.org.gradle.process.internal.worker.GradleWorkerMain 'Gradle Test Executor 53'
java_class_path (initial): /home/desktop/.gradle/caches/7.2/workerMain/gradle-worker.jar:build/tmp/expandedArchives/org.jacoco.agent-0.8.7.jar_3a83c50b4a016f281c4e9f3500d16b55/jacocoagent.jar
Launcher Type: SUN_STANDARD

Environment Variables:
JAVA_HOME=/usr/lib/jvm/java-8-openjdk-amd64
PATH=/usr/local/sbin:/usr/local/bin:/usr/sbin:/usr/bin:/sbin:/bin:/usr/games:/usr/local/games:/snap/bin
USERNAME=desktop
SHELL=/bin/bash
DISPLAY=:0

Signal Handlers:
SIGSEGV: [libjvm.so+0xb365d0], sa_mask[0]=11111111011111111101111111111110, sa_flags=SA_RESTART|SA_SIGINFO
SIGBUS: [libjvm.so+0xb365d0], sa_mask[0]=11111111011111111101111111111110, sa_flags=SA_RESTART|SA_SIGINFO
SIGFPE: [libjvm.so+0x97b8c0], sa_mask[0]=11111111011111111101111111111110, sa_flags=SA_RESTART|SA_SIGINFO
SIGPIPE: [libjvm.so+0x97b8c0], sa_mask[0]=11111111011111111101111111111110, sa_flags=SA_RESTART|SA_SIGINFO
SIGXFSZ: [libjvm.so+0x97b8c0], sa_mask[0]=11111111011111111101111111111110, sa_flags=SA_RESTART|SA_SIGINFO
SIGILL: [libjvm.so+0x97b8c0], sa_mask[0]=11111111011111111101111111111110, sa_flags=SA_RESTART|SA_SIGINFO
SIGUSR1: SIG_DFL, sa_mask[0]=00000000000000000000000000000000, sa_flags=none
SIGUSR2: [libjvm.so+0x97b770], sa_mask[0]=00100000000000000000000000000000, sa_flags=SA_RESTART|SA_SIGINFO
SIGHUP: [libjvm.so+0x97bb40], sa_mask[0]=11111111011111111101111111111110, sa_flags=SA_RESTART|SA_SIGINFO
SIGINT: SIG_IGN, sa_mask[0]=00000000000000000000000000000000, sa_flags=none
SIGTERM: [libjvm.so+0x97bb40], sa_mask[0]=11111111011111111101111111111110, sa_flags=SA_RESTART|SA_SIGINFO
SIGQUIT: [libjvm.so+0x97bb40], sa_mask[0]=11111111011111111101111111111110, sa_flags=SA_RESTART|SA_SIGINFO


---------------  S Y S T E M  ---------------

OS:DISTRIB_ID=Ubuntu
DISTRIB_RELEASE=20.04
DISTRIB_CODENAME=focal
DISTRIB_DESCRIPTION="Ubuntu 20.04.3 LTS"

uname:Linux 5.11.0-40-generic #44~20.04.2-Ubuntu SMP Tue Oct 26 18:07:44 UTC 2021 x86_64
libc:glibc 2.31 NPTL 2.31 
rlimit: STACK 8192k, CORE 0k, NPROC 30742, NOFILE 1048576, AS infinity
load average:1.34 0.92 0.79

/proc/meminfo:
MemTotal:        7935604 kB
MemFree:          116916 kB
MemAvailable:    2066076 kB
Buffers:          273796 kB
Cached:          1963632 kB
SwapCached:            0 kB
Active:          1039044 kB
Inactive:        6398412 kB
Active(anon):      15412 kB
Inactive(anon):  5336520 kB
Active(file):    1023632 kB
Inactive(file):  1061892 kB
Unevictable:       13148 kB
Mlocked:               0 kB
SwapTotal:      15728636 kB
SwapFree:       15727344 kB
Dirty:              1884 kB
Writeback:             0 kB
AnonPages:       5213404 kB
Mapped:           475696 kB
Shmem:            155384 kB
KReclaimable:     166720 kB
Slab:             252136 kB
SReclaimable:     166720 kB
SUnreclaim:        85416 kB
KernelStack:       16256 kB
PageTables:        34452 kB
NFS_Unstable:          0 kB
Bounce:                0 kB
WritebackTmp:          0 kB
CommitLimit:    19696436 kB
Committed_AS:   10591412 kB
VmallocTotal:   34359738367 kB
VmallocUsed:       38932 kB
VmallocChunk:          0 kB
Percpu:            12160 kB
HardwareCorrupted:     0 kB
AnonHugePages:         0 kB
ShmemHugePages:        0 kB
ShmemPmdMapped:        0 kB
FileHugePages:         0 kB
FilePmdMapped:         0 kB
HugePages_Total:       0
HugePages_Free:        0
HugePages_Rsvd:        0
HugePages_Surp:        0
Hugepagesize:       2048 kB
Hugetlb:               0 kB
DirectMap4k:      235228 kB
DirectMap2M:     7946240 kB

container (cgroup) information:
container_type: cgroupv1
cpu_cpuset_cpus: 0-3
cpu_memory_nodes: 0
active_processor_count: 4
cpu_quota: -1
cpu_period: 100000
cpu_shares: -1
memory_limit_in_bytes: -1
memory_and_swap_limit_in_bytes: -1
memory_soft_limit_in_bytes: -1
memory_usage_in_bytes: 6159806464
memory_max_usage_in_bytes: 6161928192


CPU:total 4 (initial active 4) (2 cores per cpu, 2 threads per core) family 6 model 37 stepping 5, cmov, cx8, fxsr, mmx, sse, sse2, sse3, ssse3, sse4.1, sse4.2, popcnt, ht, tsc, tscinvbit

/proc/cpuinfo:
processor	: 0
vendor_id	: GenuineIntel
cpu family	: 6
model		: 37
model name	: Intel(R) Core(TM) i3 CPU         540  @ 3.07GHz
stepping	: 5
microcode	: 0x7
cpu MHz		: 3058.844
cache size	: 4096 KB
physical id	: 0
siblings	: 4
core id		: 0
cpu cores	: 2
apicid		: 0
initial apicid	: 0
fpu		: yes
fpu_exception	: yes
cpuid level	: 11
wp		: yes
flags		: fpu vme de pse tsc msr pae mce cx8 apic sep mtrr pge mca cmov pat pse36 clflush dts acpi mmx fxsr sse sse2 ht tm pbe syscall nx rdtscp lm constant_tsc arch_perfmon pebs bts rep_good nopl xtopology nonstop_tsc cpuid aperfmperf pni dtes64 monitor ds_cpl vmx est tm2 ssse3 cx16 xtpr pdcm pcid sse4_1 sse4_2 popcnt lahf_lm pti ssbd ibrs ibpb stibp tpr_shadow vnmi flexpriority ept vpid dtherm arat flush_l1d
vmx flags	: vnmi preemption_timer invvpid ept_x_only flexpriority tsc_offset vtpr mtf vapic ept vpid unrestricted_guest
bugs		: cpu_meltdown spectre_v1 spectre_v2 spec_store_bypass l1tf mds swapgs itlb_multihit
bogomips	: 6117.68
clflush size	: 64
cache_alignment	: 64
address sizes	: 36 bits physical, 48 bits virtual
power management:

processor	: 1
vendor_id	: GenuineIntel
cpu family	: 6
model		: 37
model name	: Intel(R) Core(TM) i3 CPU         540  @ 3.07GHz
stepping	: 5
microcode	: 0x7
cpu MHz		: 3058.844
cache size	: 4096 KB
physical id	: 0
siblings	: 4
core id		: 0
cpu cores	: 2
apicid		: 1
initial apicid	: 1
fpu		: yes
fpu_exception	: yes
cpuid level	: 11
wp		: yes
flags		: fpu vme de pse tsc msr pae mce cx8 apic sep mtrr pge mca cmov pat pse36 clflush dts acpi mmx fxsr sse sse2 ht tm pbe syscall nx rdtscp lm constant_tsc arch_perfmon pebs bts rep_good nopl xtopology nonstop_tsc cpuid aperfmperf pni dtes64 monitor ds_cpl vmx est tm2 ssse3 cx16 xtpr pdcm pcid sse4_1 sse4_2 popcnt lahf_lm pti ssbd ibrs ibpb stibp tpr_shadow vnmi flexpriority ept vpid dtherm arat flush_l1d
vmx flags	: vnmi preemption_timer invvpid ept_x_only flexpriority tsc_offset vtpr mtf vapic ept vpid unrestricted_guest
bugs		: cpu_meltdown spectre_v1 spectre_v2 spec_store_bypass l1tf mds swapgs itlb_multihit
bogomips	: 6117.68
clflush size	: 64
cache_alignment	: 64
address sizes	: 36 bits physical, 48 bits virtual
power management:

processor	: 2
vendor_id	: GenuineIntel
cpu family	: 6
model		: 37
model name	: Intel(R) Core(TM) i3 CPU         540  @ 3.07GHz
stepping	: 5
microcode	: 0x7
cpu MHz		: 3058.843
cache size	: 4096 KB
physical id	: 0
siblings	: 4
core id		: 2
cpu cores	: 2
apicid		: 4
initial apicid	: 4
fpu		: yes
fpu_exception	: yes
cpuid level	: 11
wp		: yes
flags		: fpu vme de pse tsc msr pae mce cx8 apic sep mtrr pge mca cmov pat pse36 clflush dts acpi mmx fxsr sse sse2 ht tm pbe syscall nx rdtscp lm constant_tsc arch_perfmon pebs bts rep_good nopl xtopology nonstop_tsc cpuid aperfmperf pni dtes64 monitor ds_cpl vmx est tm2 ssse3 cx16 xtpr pdcm pcid sse4_1 sse4_2 popcnt lahf_lm pti ssbd ibrs ibpb stibp tpr_shadow vnmi flexpriority ept vpid dtherm arat flush_l1d
vmx flags	: vnmi preemption_timer invvpid ept_x_only flexpriority tsc_offset vtpr mtf vapic ept vpid unrestricted_guest
bugs		: cpu_meltdown spectre_v1 spectre_v2 spec_store_bypass l1tf mds swapgs itlb_multihit
bogomips	: 6117.68
clflush size	: 64
cache_alignment	: 64
address sizes	: 36 bits physical, 48 bits virtual
power management:

processor	: 3
vendor_id	: GenuineIntel
cpu family	: 6
model		: 37
model name	: Intel(R) Core(TM) i3 CPU         540  @ 3.07GHz
stepping	: 5
microcode	: 0x7
cpu MHz		: 3058.844
cache size	: 4096 KB
physical id	: 0
siblings	: 4
core id		: 2
cpu cores	: 2
apicid		: 5
initial apicid	: 5
fpu		: yes
fpu_exception	: yes
cpuid level	: 11
wp		: yes
flags		: fpu vme de pse tsc msr pae mce cx8 apic sep mtrr pge mca cmov pat pse36 clflush dts acpi mmx fxsr sse sse2 ht tm pbe syscall nx rdtscp lm constant_tsc arch_perfmon pebs bts rep_good nopl xtopology nonstop_tsc cpuid aperfmperf pni dtes64 monitor ds_cpl vmx est tm2 ssse3 cx16 xtpr pdcm pcid sse4_1 sse4_2 popcnt lahf_lm pti ssbd ibrs ibpb stibp tpr_shadow vnmi flexpriority ept vpid dtherm arat flush_l1d
vmx flags	: vnmi preemption_timer invvpid ept_x_only flexpriority tsc_offset vtpr mtf vapic ept vpid unrestricted_guest
bugs		: cpu_meltdown spectre_v1 spectre_v2 spec_store_bypass l1tf mds swapgs itlb_multihit
bogomips	: 6117.68
clflush size	: 64
cache_alignment	: 64
address sizes	: 36 bits physical, 48 bits virtual
power management:



Memory: 4k page, physical 7935604k(126996k free), swap 15728636k(15727344k free)

vm_info: OpenJDK 64-Bit Server VM (25.292-b10) for linux-amd64 JRE (1.8.0_292-8u292-b10-0ubuntu1~20.04-b10), built on Apr 21 2021 11:46:09 by "buildd" with gcc 9.3.0

time: Fri Nov 26 12:36:10 2021
timezone: IST
elapsed time: 1.372004 seconds (0d 0h 0m 1s)

